Date: 2017-08-10 20:45:00
Backup Method: reload
User Mode: free
BackupGuard version: 1.1.46
Supported archive version: 5
Database prefix: wp_
Site URL: http://localhost:8888
Home URL: http://localhost:8888
Uploads path: /Applications/MAMP/htdocs/revolve/wp-content/uploads
Site installation: standard
OS: Darwin
Server: Apache/2.2.32 (Unix) mod_wsgi/3.5 Python/2.7.13 PHP/7.1.6 mod_ssl/2.2.32 OpenSSL/1.0.2j DAV/2 mod_fastcgi/2.4.6 mod_perl/2.0.9 Perl/v5.24.0
User agent: Mozilla/5.0 (Macintosh; Intel Mac OS X 10_12_5) AppleWebKit/603.2.4 (KHTML, like Gecko) Version/10.1.1 Safari/603.2.4
PHP version: 7.1.6
SAPI: apache2handler
MySQL version: 5.6.35
Int size: 8
Int lib: bcmath
Memory limit: 128M
Max execution time: 30
Disk free space: 40.1GB
Environment: Wordpress 4.8.1
Backup type: files,database

2017-08-10 20:45:00: Start backup
2017-08-10 20:45:00: Reload method set to ajax
2017-08-10 20:45:00: Start backup database
2017-08-10 20:45:00: Total tables to backup: 12
2017-08-10 20:45:00: Total rows to backup: 380
2017-08-10 20:45:00: Start backup table: wp_options
2017-08-10 20:45:00: End backup table: wp_options
2017-08-10 20:45:00: Start backup table: wp_commentmeta
2017-08-10 20:45:00: End backup table: wp_commentmeta
2017-08-10 20:45:00: Start backup table: wp_comments
2017-08-10 20:45:00: End backup table: wp_comments
2017-08-10 20:45:00: Start backup table: wp_links
2017-08-10 20:45:00: End backup table: wp_links
2017-08-10 20:45:00: Start backup table: wp_postmeta
2017-08-10 20:45:00: End backup table: wp_postmeta
2017-08-10 20:45:00: Start backup table: wp_posts
2017-08-10 20:45:00: End backup table: wp_posts
2017-08-10 20:45:00: Start backup table: wp_term_relationships
2017-08-10 20:45:00: End backup table: wp_term_relationships
2017-08-10 20:45:00: Start backup table: wp_term_taxonomy
2017-08-10 20:45:00: End backup table: wp_term_taxonomy
2017-08-10 20:45:00: Start backup table: wp_termmeta
2017-08-10 20:45:00: End backup table: wp_termmeta
2017-08-10 20:45:00: Start backup table: wp_terms
2017-08-10 20:45:00: End backup table: wp_terms
2017-08-10 20:45:00: Start backup table: wp_usermeta
2017-08-10 20:45:00: End backup table: wp_usermeta
2017-08-10 20:45:00: Start backup table: wp_users
2017-08-10 20:45:00: End backup table: wp_users
2017-08-10 20:45:00: End backup database
2017-08-10 20:45:00: Start backup files
2017-08-10 20:45:00: Backup files: wp-content,wp-content/uploads/backup-guard/sg_backup_opt(full)_20170810204528/sg_backup_opt(full)_20170810204528.sql
2017-08-10 20:45:00: Number of files to backup: 239
2017-08-10 20:45:00: Start backup file: /Applications/MAMP/htdocs/revolve/wp-content/.DS_Store
2017-08-10 20:45:00: End backup file: /Applications/MAMP/htdocs/revolve/wp-content/.DS_Store
2017-08-10 20:45:00: Start backup file: /Applications/MAMP/htdocs/revolve/wp-content/index.php
2017-08-10 20:45:00: End backup file: /Applications/MAMP/htdocs/revolve/wp-content/index.php
2017-08-10 20:45:00: Start backup file: /Applications/MAMP/htdocs/revolve/wp-content/plugins/.DS_Store
2017-08-10 20:45:00: End backup file: /Applications/MAMP/htdocs/revolve/wp-content/plugins/.DS_Store
2017-08-10 20:45:00: Start backup file: /Applications/MAMP/htdocs/revolve/wp-content/plugins/akismet/.htaccess
2017-08-10 20:45:00: End backup file: /Applications/MAMP/htdocs/revolve/wp-content/plugins/akismet/.htaccess
2017-08-10 20:45:00: Start backup file: /Applications/MAMP/htdocs/revolve/wp-content/plugins/akismet/_inc/akismet.css
2017-08-10 20:45:00: End backup file: /Applications/MAMP/htdocs/revolve/wp-content/plugins/akismet/_inc/akismet.css
2017-08-10 20:45:00: Start backup file: /Applications/MAMP/htdocs/revolve/wp-content/plugins/akismet/_inc/akismet.js
2017-08-10 20:45:00: End backup file: /Applications/MAMP/htdocs/revolve/wp-content/plugins/akismet/_inc/akismet.js
2017-08-10 20:45:00: Start backup file: /Applications/MAMP/htdocs/revolve/wp-content/plugins/akismet/_inc/form.js
2017-08-10 20:45:00: End backup file: /Applications/MAMP/htdocs/revolve/wp-content/plugins/akismet/_inc/form.js
2017-08-10 20:45:00: Start backup file: /Applications/MAMP/htdocs/revolve/wp-content/plugins/akismet/_inc/img/logo-full-2x.png
2017-08-10 20:45:00: End backup file: /Applications/MAMP/htdocs/revolve/wp-content/plugins/akismet/_inc/img/logo-full-2x.png
2017-08-10 20:45:00: Start backup file: /Applications/MAMP/htdocs/revolve/wp-content/plugins/akismet/akismet.php
2017-08-10 20:45:00: End backup file: /Applications/MAMP/htdocs/revolve/wp-content/plugins/akismet/akismet.php
2017-08-10 20:45:00: Start backup file: /Applications/MAMP/htdocs/revolve/wp-content/plugins/akismet/class.akismet-admin.php
2017-08-10 20:45:00: End backup file: /Applications/MAMP/htdocs/revolve/wp-content/plugins/akismet/class.akismet-admin.php
2017-08-10 20:45:00: Start backup file: /Applications/MAMP/htdocs/revolve/wp-content/plugins/akismet/class.akismet-cli.php
2017-08-10 20:45:00: End backup file: /Applications/MAMP/htdocs/revolve/wp-content/plugins/akismet/class.akismet-cli.php
2017-08-10 20:45:00: Start backup file: /Applications/MAMP/htdocs/revolve/wp-content/plugins/akismet/class.akismet-widget.php
2017-08-10 20:45:00: End backup file: /Applications/MAMP/htdocs/revolve/wp-content/plugins/akismet/class.akismet-widget.php
2017-08-10 20:45:00: Start backup file: /Applications/MAMP/htdocs/revolve/wp-content/plugins/akismet/class.akismet.php
2017-08-10 20:45:00: End backup file: /Applications/MAMP/htdocs/revolve/wp-content/plugins/akismet/class.akismet.php
2017-08-10 20:45:00: Start backup file: /Applications/MAMP/htdocs/revolve/wp-content/plugins/akismet/index.php
2017-08-10 20:45:00: End backup file: /Applications/MAMP/htdocs/revolve/wp-content/plugins/akismet/index.php
2017-08-10 20:45:00: Start backup file: /Applications/MAMP/htdocs/revolve/wp-content/plugins/akismet/LICENSE.txt
2017-08-10 20:45:00: End backup file: /Applications/MAMP/htdocs/revolve/wp-content/plugins/akismet/LICENSE.txt
2017-08-10 20:45:00: Start backup file: /Applications/MAMP/htdocs/revolve/wp-content/plugins/akismet/readme.txt
2017-08-10 20:45:00: End backup file: /Applications/MAMP/htdocs/revolve/wp-content/plugins/akismet/readme.txt
2017-08-10 20:45:00: Start backup file: /Applications/MAMP/htdocs/revolve/wp-content/plugins/akismet/views/config.php
2017-08-10 20:45:00: End backup file: /Applications/MAMP/htdocs/revolve/wp-content/plugins/akismet/views/config.php
2017-08-10 20:45:00: Start backup file: /Applications/MAMP/htdocs/revolve/wp-content/plugins/akismet/views/get.php
2017-08-10 20:45:00: End backup file: /Applications/MAMP/htdocs/revolve/wp-content/plugins/akismet/views/get.php
2017-08-10 20:45:00: Start backup file: /Applications/MAMP/htdocs/revolve/wp-content/plugins/akismet/views/notice.php
2017-08-10 20:45:00: End backup file: /Applications/MAMP/htdocs/revolve/wp-content/plugins/akismet/views/notice.php
2017-08-10 20:45:00: Start backup file: /Applications/MAMP/htdocs/revolve/wp-content/plugins/akismet/views/start.php
2017-08-10 20:45:00: End backup file: /Applications/MAMP/htdocs/revolve/wp-content/plugins/akismet/views/start.php
2017-08-10 20:45:00: Start backup file: /Applications/MAMP/htdocs/revolve/wp-content/plugins/akismet/views/stats.php
2017-08-10 20:45:00: End backup file: /Applications/MAMP/htdocs/revolve/wp-content/plugins/akismet/views/stats.php
2017-08-10 20:45:00: Start backup file: /Applications/MAMP/htdocs/revolve/wp-content/plugins/akismet/wrapper.php
2017-08-10 20:45:00: End backup file: /Applications/MAMP/htdocs/revolve/wp-content/plugins/akismet/wrapper.php
2017-08-10 20:45:00: Start backup file: /Applications/MAMP/htdocs/revolve/wp-content/plugins/index.php
2017-08-10 20:45:00: End backup file: /Applications/MAMP/htdocs/revolve/wp-content/plugins/index.php
2017-08-10 20:45:00: Start backup file: /Applications/MAMP/htdocs/revolve/wp-content/themes/.DS_Store
2017-08-10 20:45:00: End backup file: /Applications/MAMP/htdocs/revolve/wp-content/themes/.DS_Store
2017-08-10 20:45:00: Start backup file: /Applications/MAMP/htdocs/revolve/wp-content/themes/index.php
2017-08-10 20:45:00: End backup file: /Applications/MAMP/htdocs/revolve/wp-content/themes/index.php
2017-08-10 20:45:00: Start backup file: /Applications/MAMP/htdocs/revolve/wp-content/themes/revolve-impact/.DS_Store
2017-08-10 20:45:00: End backup file: /Applications/MAMP/htdocs/revolve/wp-content/themes/revolve-impact/.DS_Store
2017-08-10 20:45:00: Start backup file: /Applications/MAMP/htdocs/revolve/wp-content/themes/revolve-impact/.sass-cache/92fbf5661ecea071b5c91c162a8f1983f3ac72c0/style.scssc
2017-08-10 20:45:00: End backup file: /Applications/MAMP/htdocs/revolve/wp-content/themes/revolve-impact/.sass-cache/92fbf5661ecea071b5c91c162a8f1983f3ac72c0/style.scssc
2017-08-10 20:45:00: Start backup file: /Applications/MAMP/htdocs/revolve/wp-content/themes/revolve-impact/404.php
2017-08-10 20:45:00: End backup file: /Applications/MAMP/htdocs/revolve/wp-content/themes/revolve-impact/404.php
2017-08-10 20:45:00: Start backup file: /Applications/MAMP/htdocs/revolve/wp-content/themes/revolve-impact/archive.php
2017-08-10 20:45:00: End backup file: /Applications/MAMP/htdocs/revolve/wp-content/themes/revolve-impact/archive.php
2017-08-10 20:45:00: Start backup file: /Applications/MAMP/htdocs/revolve/wp-content/themes/revolve-impact/comments.php
2017-08-10 20:45:00: End backup file: /Applications/MAMP/htdocs/revolve/wp-content/themes/revolve-impact/comments.php
2017-08-10 20:45:00: Start backup file: /Applications/MAMP/htdocs/revolve/wp-content/themes/revolve-impact/config.rb
2017-08-10 20:45:00: End backup file: /Applications/MAMP/htdocs/revolve/wp-content/themes/revolve-impact/config.rb
2017-08-10 20:45:00: Start backup file: /Applications/MAMP/htdocs/revolve/wp-content/themes/revolve-impact/footer.php
2017-08-10 20:45:00: End backup file: /Applications/MAMP/htdocs/revolve/wp-content/themes/revolve-impact/footer.php
2017-08-10 20:45:00: Start backup file: /Applications/MAMP/htdocs/revolve/wp-content/themes/revolve-impact/front-page.php
2017-08-10 20:45:00: End backup file: /Applications/MAMP/htdocs/revolve/wp-content/themes/revolve-impact/front-page.php
2017-08-10 20:45:00: Start backup file: /Applications/MAMP/htdocs/revolve/wp-content/themes/revolve-impact/functions.php
2017-08-10 20:45:00: End backup file: /Applications/MAMP/htdocs/revolve/wp-content/themes/revolve-impact/functions.php
2017-08-10 20:45:00: Start backup file: /Applications/MAMP/htdocs/revolve/wp-content/themes/revolve-impact/header.php
2017-08-10 20:45:00: End backup file: /Applications/MAMP/htdocs/revolve/wp-content/themes/revolve-impact/header.php
2017-08-10 20:45:00: Start backup file: /Applications/MAMP/htdocs/revolve/wp-content/themes/revolve-impact/images/cahsner.png
2017-08-10 20:45:00: End backup file: /Applications/MAMP/htdocs/revolve/wp-content/themes/revolve-impact/images/cahsner.png
2017-08-10 20:45:00: Start backup file: /Applications/MAMP/htdocs/revolve/wp-content/themes/revolve-impact/images/fb-icon.svg
2017-08-10 20:45:00: End backup file: /Applications/MAMP/htdocs/revolve/wp-content/themes/revolve-impact/images/fb-icon.svg
2017-08-10 20:45:00: Start backup file: /Applications/MAMP/htdocs/revolve/wp-content/themes/revolve-impact/images/iamangel.png
2017-08-10 20:45:00: End backup file: /Applications/MAMP/htdocs/revolve/wp-content/themes/revolve-impact/images/iamangel.png
2017-08-10 20:45:00: Start backup file: /Applications/MAMP/htdocs/revolve/wp-content/themes/revolve-impact/images/kindness.png
2017-08-10 20:45:00: End backup file: /Applications/MAMP/htdocs/revolve/wp-content/themes/revolve-impact/images/kindness.png
2017-08-10 20:45:00: Start backup file: /Applications/MAMP/htdocs/revolve/wp-content/themes/revolve-impact/images/lily.png
2017-08-10 20:45:00: End backup file: /Applications/MAMP/htdocs/revolve/wp-content/themes/revolve-impact/images/lily.png
2017-08-10 20:45:00: Start backup file: /Applications/MAMP/htdocs/revolve/wp-content/themes/revolve-impact/images/mark.png
2017-08-10 20:45:00: End backup file: /Applications/MAMP/htdocs/revolve/wp-content/themes/revolve-impact/images/mark.png
2017-08-10 20:45:00: Start backup file: /Applications/MAMP/htdocs/revolve/wp-content/themes/revolve-impact/images/revolve.png
2017-08-10 20:45:00: End backup file: /Applications/MAMP/htdocs/revolve/wp-content/themes/revolve-impact/images/revolve.png
2017-08-10 20:45:00: Start backup file: /Applications/MAMP/htdocs/revolve/wp-content/themes/revolve-impact/images/showme.png
2017-08-10 20:45:00: End backup file: /Applications/MAMP/htdocs/revolve/wp-content/themes/revolve-impact/images/showme.png
2017-08-10 20:45:00: Start backup file: /Applications/MAMP/htdocs/revolve/wp-content/themes/revolve-impact/images/tobeymaguirefund.png
2017-08-10 20:45:00: End backup file: /Applications/MAMP/htdocs/revolve/wp-content/themes/revolve-impact/images/tobeymaguirefund.png
2017-08-10 20:45:00: Start backup file: /Applications/MAMP/htdocs/revolve/wp-content/themes/revolve-impact/images/twitter-icon.svg
2017-08-10 20:45:00: End backup file: /Applications/MAMP/htdocs/revolve/wp-content/themes/revolve-impact/images/twitter-icon.svg
2017-08-10 20:45:00: Start backup file: /Applications/MAMP/htdocs/revolve/wp-content/themes/revolve-impact/inc/custom-header.php
2017-08-10 20:45:00: End backup file: /Applications/MAMP/htdocs/revolve/wp-content/themes/revolve-impact/inc/custom-header.php
2017-08-10 20:45:00: Start backup file: /Applications/MAMP/htdocs/revolve/wp-content/themes/revolve-impact/inc/customizer.php
2017-08-10 20:45:00: End backup file: /Applications/MAMP/htdocs/revolve/wp-content/themes/revolve-impact/inc/customizer.php
2017-08-10 20:45:00: Start backup file: /Applications/MAMP/htdocs/revolve/wp-content/themes/revolve-impact/inc/jetpack.php
2017-08-10 20:45:00: End backup file: /Applications/MAMP/htdocs/revolve/wp-content/themes/revolve-impact/inc/jetpack.php
2017-08-10 20:45:00: Start backup file: /Applications/MAMP/htdocs/revolve/wp-content/themes/revolve-impact/inc/template-functions.php
2017-08-10 20:45:00: End backup file: /Applications/MAMP/htdocs/revolve/wp-content/themes/revolve-impact/inc/template-functions.php
2017-08-10 20:45:00: Start backup file: /Applications/MAMP/htdocs/revolve/wp-content/themes/revolve-impact/inc/template-tags.php
2017-08-10 20:45:00: End backup file: /Applications/MAMP/htdocs/revolve/wp-content/themes/revolve-impact/inc/template-tags.php
2017-08-10 20:45:00: Start backup file: /Applications/MAMP/htdocs/revolve/wp-content/themes/revolve-impact/index.php
2017-08-10 20:45:00: End backup file: /Applications/MAMP/htdocs/revolve/wp-content/themes/revolve-impact/index.php
2017-08-10 20:45:00: Start backup file: /Applications/MAMP/htdocs/revolve/wp-content/themes/revolve-impact/js/customizer.js
2017-08-10 20:45:00: End backup file: /Applications/MAMP/htdocs/revolve/wp-content/themes/revolve-impact/js/customizer.js
2017-08-10 20:45:00: Start backup file: /Applications/MAMP/htdocs/revolve/wp-content/themes/revolve-impact/js/navigation.js
2017-08-10 20:45:00: End backup file: /Applications/MAMP/htdocs/revolve/wp-content/themes/revolve-impact/js/navigation.js
2017-08-10 20:45:00: Start backup file: /Applications/MAMP/htdocs/revolve/wp-content/themes/revolve-impact/js/skip-link-focus-fix.js
2017-08-10 20:45:00: End backup file: /Applications/MAMP/htdocs/revolve/wp-content/themes/revolve-impact/js/skip-link-focus-fix.js
2017-08-10 20:45:00: Start backup file: /Applications/MAMP/htdocs/revolve/wp-content/themes/revolve-impact/languages/readme.txt
2017-08-10 20:45:00: End backup file: /Applications/MAMP/htdocs/revolve/wp-content/themes/revolve-impact/languages/readme.txt
2017-08-10 20:45:00: Start backup file: /Applications/MAMP/htdocs/revolve/wp-content/themes/revolve-impact/languages/revolve-impact.pot
2017-08-10 20:45:00: End backup file: /Applications/MAMP/htdocs/revolve/wp-content/themes/revolve-impact/languages/revolve-impact.pot
2017-08-10 20:45:00: Start backup file: /Applications/MAMP/htdocs/revolve/wp-content/themes/revolve-impact/layouts/content-sidebar.css
2017-08-10 20:45:00: End backup file: /Applications/MAMP/htdocs/revolve/wp-content/themes/revolve-impact/layouts/content-sidebar.css
2017-08-10 20:45:00: Start backup file: /Applications/MAMP/htdocs/revolve/wp-content/themes/revolve-impact/layouts/sidebar-content.css
2017-08-10 20:45:00: End backup file: /Applications/MAMP/htdocs/revolve/wp-content/themes/revolve-impact/layouts/sidebar-content.css
2017-08-10 20:45:00: Start backup file: /Applications/MAMP/htdocs/revolve/wp-content/themes/revolve-impact/LICENSE
2017-08-10 20:45:00: End backup file: /Applications/MAMP/htdocs/revolve/wp-content/themes/revolve-impact/LICENSE
2017-08-10 20:45:00: Start backup file: /Applications/MAMP/htdocs/revolve/wp-content/themes/revolve-impact/page.php
2017-08-10 20:45:00: End backup file: /Applications/MAMP/htdocs/revolve/wp-content/themes/revolve-impact/page.php
2017-08-10 20:45:00: Start backup file: /Applications/MAMP/htdocs/revolve/wp-content/themes/revolve-impact/phpcs.xml.dist
2017-08-10 20:45:00: End backup file: /Applications/MAMP/htdocs/revolve/wp-content/themes/revolve-impact/phpcs.xml.dist
2017-08-10 20:45:00: Start backup file: /Applications/MAMP/htdocs/revolve/wp-content/themes/revolve-impact/README.md
2017-08-10 20:45:00: End backup file: /Applications/MAMP/htdocs/revolve/wp-content/themes/revolve-impact/README.md
2017-08-10 20:45:00: Start backup file: /Applications/MAMP/htdocs/revolve/wp-content/themes/revolve-impact/readme.txt
2017-08-10 20:45:00: End backup file: /Applications/MAMP/htdocs/revolve/wp-content/themes/revolve-impact/readme.txt
2017-08-10 20:45:00: Start backup file: /Applications/MAMP/htdocs/revolve/wp-content/themes/revolve-impact/rtl.css
2017-08-10 20:45:00: End backup file: /Applications/MAMP/htdocs/revolve/wp-content/themes/revolve-impact/rtl.css
2017-08-10 20:45:00: Start backup file: /Applications/MAMP/htdocs/revolve/wp-content/themes/revolve-impact/sass/style.scss
2017-08-10 20:45:00: End backup file: /Applications/MAMP/htdocs/revolve/wp-content/themes/revolve-impact/sass/style.scss
2017-08-10 20:45:00: Start backup file: /Applications/MAMP/htdocs/revolve/wp-content/themes/revolve-impact/screenshot.png
2017-08-10 20:45:00: End backup file: /Applications/MAMP/htdocs/revolve/wp-content/themes/revolve-impact/screenshot.png
2017-08-10 20:45:00: Start backup file: /Applications/MAMP/htdocs/revolve/wp-content/themes/revolve-impact/search.php
2017-08-10 20:45:00: End backup file: /Applications/MAMP/htdocs/revolve/wp-content/themes/revolve-impact/search.php
2017-08-10 20:45:00: Start backup file: /Applications/MAMP/htdocs/revolve/wp-content/themes/revolve-impact/sidebar.php
2017-08-10 20:45:00: End backup file: /Applications/MAMP/htdocs/revolve/wp-content/themes/revolve-impact/sidebar.php
2017-08-10 20:45:00: Start backup file: /Applications/MAMP/htdocs/revolve/wp-content/themes/revolve-impact/single.php
2017-08-10 20:45:00: End backup file: /Applications/MAMP/htdocs/revolve/wp-content/themes/revolve-impact/single.php
2017-08-10 20:45:00: Start backup file: /Applications/MAMP/htdocs/revolve/wp-content/themes/revolve-impact/style.css
2017-08-10 20:45:00: End backup file: /Applications/MAMP/htdocs/revolve/wp-content/themes/revolve-impact/style.css
2017-08-10 20:45:00: Start backup file: /Applications/MAMP/htdocs/revolve/wp-content/themes/revolve-impact/template-parts/content-donate.php
2017-08-10 20:45:00: End backup file: /Applications/MAMP/htdocs/revolve/wp-content/themes/revolve-impact/template-parts/content-donate.php
2017-08-10 20:45:00: Start backup file: /Applications/MAMP/htdocs/revolve/wp-content/themes/revolve-impact/template-parts/content-front1.php
2017-08-10 20:45:00: End backup file: /Applications/MAMP/htdocs/revolve/wp-content/themes/revolve-impact/template-parts/content-front1.php
2017-08-10 20:45:00: Start backup file: /Applications/MAMP/htdocs/revolve/wp-content/themes/revolve-impact/template-parts/content-front2.php
2017-08-10 20:45:00: End backup file: /Applications/MAMP/htdocs/revolve/wp-content/themes/revolve-impact/template-parts/content-front2.php
2017-08-10 20:45:00: Start backup file: /Applications/MAMP/htdocs/revolve/wp-content/themes/revolve-impact/template-parts/content-front3.php
2017-08-10 20:45:00: End backup file: /Applications/MAMP/htdocs/revolve/wp-content/themes/revolve-impact/template-parts/content-front3.php
2017-08-10 20:45:00: Start backup file: /Applications/MAMP/htdocs/revolve/wp-content/themes/revolve-impact/template-parts/content-none.php
2017-08-10 20:45:00: End backup file: /Applications/MAMP/htdocs/revolve/wp-content/themes/revolve-impact/template-parts/content-none.php
2017-08-10 20:45:00: Start backup file: /Applications/MAMP/htdocs/revolve/wp-content/themes/revolve-impact/template-parts/content-page.php
2017-08-10 20:45:00: End backup file: /Applications/MAMP/htdocs/revolve/wp-content/themes/revolve-impact/template-parts/content-page.php
2017-08-10 20:45:00: Start backup file: /Applications/MAMP/htdocs/revolve/wp-content/themes/revolve-impact/template-parts/content-programs.php
2017-08-10 20:45:00: End backup file: /Applications/MAMP/htdocs/revolve/wp-content/themes/revolve-impact/template-parts/content-programs.php
2017-08-10 20:45:00: Start backup file: /Applications/MAMP/htdocs/revolve/wp-content/themes/revolve-impact/template-parts/content-search.php
2017-08-10 20:45:00: End backup file: /Applications/MAMP/htdocs/revolve/wp-content/themes/revolve-impact/template-parts/content-search.php
2017-08-10 20:45:00: Start backup file: /Applications/MAMP/htdocs/revolve/wp-content/themes/revolve-impact/template-parts/content.php
2017-08-10 20:45:00: End backup file: /Applications/MAMP/htdocs/revolve/wp-content/themes/revolve-impact/template-parts/content.php
2017-08-10 20:45:00: Start backup file: /Applications/MAMP/htdocs/revolve/wp-content/themes/twentyfifteen/404.php
2017-08-10 20:45:00: End backup file: /Applications/MAMP/htdocs/revolve/wp-content/themes/twentyfifteen/404.php
2017-08-10 20:45:00: Start backup file: /Applications/MAMP/htdocs/revolve/wp-content/themes/twentyfifteen/archive.php
2017-08-10 20:45:00: End backup file: /Applications/MAMP/htdocs/revolve/wp-content/themes/twentyfifteen/archive.php
2017-08-10 20:45:00: Start backup file: /Applications/MAMP/htdocs/revolve/wp-content/themes/twentyfifteen/author-bio.php
2017-08-10 20:45:00: End backup file: /Applications/MAMP/htdocs/revolve/wp-content/themes/twentyfifteen/author-bio.php
2017-08-10 20:45:00: Start backup file: /Applications/MAMP/htdocs/revolve/wp-content/themes/twentyfifteen/comments.php
2017-08-10 20:45:00: End backup file: /Applications/MAMP/htdocs/revolve/wp-content/themes/twentyfifteen/comments.php
2017-08-10 20:45:00: Start backup file: /Applications/MAMP/htdocs/revolve/wp-content/themes/twentyfifteen/content-link.php
2017-08-10 20:45:00: End backup file: /Applications/MAMP/htdocs/revolve/wp-content/themes/twentyfifteen/content-link.php
2017-08-10 20:45:00: Start backup file: /Applications/MAMP/htdocs/revolve/wp-content/themes/twentyfifteen/content-none.php
2017-08-10 20:45:00: End backup file: /Applications/MAMP/htdocs/revolve/wp-content/themes/twentyfifteen/content-none.php
2017-08-10 20:45:00: Start backup file: /Applications/MAMP/htdocs/revolve/wp-content/themes/twentyfifteen/content-page.php
2017-08-10 20:45:00: End backup file: /Applications/MAMP/htdocs/revolve/wp-content/themes/twentyfifteen/content-page.php
2017-08-10 20:45:00: Start backup file: /Applications/MAMP/htdocs/revolve/wp-content/themes/twentyfifteen/content-search.php
2017-08-10 20:45:00: End backup file: /Applications/MAMP/htdocs/revolve/wp-content/themes/twentyfifteen/content-search.php
2017-08-10 20:45:00: Start backup file: /Applications/MAMP/htdocs/revolve/wp-content/themes/twentyfifteen/content.php
2017-08-10 20:45:00: End backup file: /Applications/MAMP/htdocs/revolve/wp-content/themes/twentyfifteen/content.php
2017-08-10 20:45:00: Start backup file: /Applications/MAMP/htdocs/revolve/wp-content/themes/twentyfifteen/css/editor-style.css
2017-08-10 20:45:00: End backup file: /Applications/MAMP/htdocs/revolve/wp-content/themes/twentyfifteen/css/editor-style.css
2017-08-10 20:45:00: Start backup file: /Applications/MAMP/htdocs/revolve/wp-content/themes/twentyfifteen/css/ie.css
2017-08-10 20:45:00: End backup file: /Applications/MAMP/htdocs/revolve/wp-content/themes/twentyfifteen/css/ie.css
2017-08-10 20:45:00: Start backup file: /Applications/MAMP/htdocs/revolve/wp-content/themes/twentyfifteen/css/ie7.css
2017-08-10 20:45:00: End backup file: /Applications/MAMP/htdocs/revolve/wp-content/themes/twentyfifteen/css/ie7.css
2017-08-10 20:45:00: Start backup file: /Applications/MAMP/htdocs/revolve/wp-content/themes/twentyfifteen/footer.php
2017-08-10 20:45:00: End backup file: /Applications/MAMP/htdocs/revolve/wp-content/themes/twentyfifteen/footer.php
2017-08-10 20:45:00: Start backup file: /Applications/MAMP/htdocs/revolve/wp-content/themes/twentyfifteen/functions.php
2017-08-10 20:45:00: End backup file: /Applications/MAMP/htdocs/revolve/wp-content/themes/twentyfifteen/functions.php
2017-08-10 20:45:00: Start backup file: /Applications/MAMP/htdocs/revolve/wp-content/themes/twentyfifteen/genericons/COPYING.txt
2017-08-10 20:45:00: End backup file: /Applications/MAMP/htdocs/revolve/wp-content/themes/twentyfifteen/genericons/COPYING.txt
2017-08-10 20:45:00: Start backup file: /Applications/MAMP/htdocs/revolve/wp-content/themes/twentyfifteen/genericons/genericons.css
2017-08-10 20:45:00: End backup file: /Applications/MAMP/htdocs/revolve/wp-content/themes/twentyfifteen/genericons/genericons.css
2017-08-10 20:45:00: Start backup file: /Applications/MAMP/htdocs/revolve/wp-content/themes/twentyfifteen/genericons/Genericons.eot
2017-08-10 20:45:00: End backup file: /Applications/MAMP/htdocs/revolve/wp-content/themes/twentyfifteen/genericons/Genericons.eot
2017-08-10 20:45:00: Start backup file: /Applications/MAMP/htdocs/revolve/wp-content/themes/twentyfifteen/genericons/Genericons.svg
2017-08-10 20:45:00: End backup file: /Applications/MAMP/htdocs/revolve/wp-content/themes/twentyfifteen/genericons/Genericons.svg
2017-08-10 20:45:00: Start backup file: /Applications/MAMP/htdocs/revolve/wp-content/themes/twentyfifteen/genericons/Genericons.ttf
2017-08-10 20:45:00: End backup file: /Applications/MAMP/htdocs/revolve/wp-content/themes/twentyfifteen/genericons/Genericons.ttf
2017-08-10 20:45:00: Start backup file: /Applications/MAMP/htdocs/revolve/wp-content/themes/twentyfifteen/genericons/Genericons.woff
2017-08-10 20:45:00: End backup file: /Applications/MAMP/htdocs/revolve/wp-content/themes/twentyfifteen/genericons/Genericons.woff
2017-08-10 20:45:00: Start backup file: /Applications/MAMP/htdocs/revolve/wp-content/themes/twentyfifteen/genericons/LICENSE.txt
2017-08-10 20:45:00: End backup file: /Applications/MAMP/htdocs/revolve/wp-content/themes/twentyfifteen/genericons/LICENSE.txt
2017-08-10 20:45:00: Start backup file: /Applications/MAMP/htdocs/revolve/wp-content/themes/twentyfifteen/genericons/README.md
2017-08-10 20:45:00: End backup file: /Applications/MAMP/htdocs/revolve/wp-content/themes/twentyfifteen/genericons/README.md
2017-08-10 20:45:00: Start backup file: /Applications/MAMP/htdocs/revolve/wp-content/themes/twentyfifteen/header.php
2017-08-10 20:45:00: End backup file: /Applications/MAMP/htdocs/revolve/wp-content/themes/twentyfifteen/header.php
2017-08-10 20:45:00: Start backup file: /Applications/MAMP/htdocs/revolve/wp-content/themes/twentyfifteen/image.php
2017-08-10 20:45:00: End backup file: /Applications/MAMP/htdocs/revolve/wp-content/themes/twentyfifteen/image.php
2017-08-10 20:45:00: Start backup file: /Applications/MAMP/htdocs/revolve/wp-content/themes/twentyfifteen/inc/back-compat.php
2017-08-10 20:45:00: End backup file: /Applications/MAMP/htdocs/revolve/wp-content/themes/twentyfifteen/inc/back-compat.php
2017-08-10 20:45:00: Start backup file: /Applications/MAMP/htdocs/revolve/wp-content/themes/twentyfifteen/inc/custom-header.php
2017-08-10 20:45:00: End backup file: /Applications/MAMP/htdocs/revolve/wp-content/themes/twentyfifteen/inc/custom-header.php
2017-08-10 20:45:00: Start backup file: /Applications/MAMP/htdocs/revolve/wp-content/themes/twentyfifteen/inc/customizer.php
2017-08-10 20:45:00: End backup file: /Applications/MAMP/htdocs/revolve/wp-content/themes/twentyfifteen/inc/customizer.php
2017-08-10 20:45:00: Start backup file: /Applications/MAMP/htdocs/revolve/wp-content/themes/twentyfifteen/inc/template-tags.php
2017-08-10 20:45:00: End backup file: /Applications/MAMP/htdocs/revolve/wp-content/themes/twentyfifteen/inc/template-tags.php
2017-08-10 20:45:00: Start backup file: /Applications/MAMP/htdocs/revolve/wp-content/themes/twentyfifteen/index.php
2017-08-10 20:45:00: End backup file: /Applications/MAMP/htdocs/revolve/wp-content/themes/twentyfifteen/index.php
2017-08-10 20:45:00: Start backup file: /Applications/MAMP/htdocs/revolve/wp-content/themes/twentyfifteen/js/color-scheme-control.js
2017-08-10 20:45:00: End backup file: /Applications/MAMP/htdocs/revolve/wp-content/themes/twentyfifteen/js/color-scheme-control.js
2017-08-10 20:45:00: Start backup file: /Applications/MAMP/htdocs/revolve/wp-content/themes/twentyfifteen/js/customize-preview.js
2017-08-10 20:45:00: End backup file: /Applications/MAMP/htdocs/revolve/wp-content/themes/twentyfifteen/js/customize-preview.js
2017-08-10 20:45:00: Start backup file: /Applications/MAMP/htdocs/revolve/wp-content/themes/twentyfifteen/js/functions.js
2017-08-10 20:45:00: End backup file: /Applications/MAMP/htdocs/revolve/wp-content/themes/twentyfifteen/js/functions.js
2017-08-10 20:45:00: Start backup file: /Applications/MAMP/htdocs/revolve/wp-content/themes/twentyfifteen/js/html5.js
2017-08-10 20:45:00: End backup file: /Applications/MAMP/htdocs/revolve/wp-content/themes/twentyfifteen/js/html5.js
2017-08-10 20:45:00: Start backup file: /Applications/MAMP/htdocs/revolve/wp-content/themes/twentyfifteen/js/keyboard-image-navigation.js
2017-08-10 20:45:00: End backup file: /Applications/MAMP/htdocs/revolve/wp-content/themes/twentyfifteen/js/keyboard-image-navigation.js
2017-08-10 20:45:00: Start backup file: /Applications/MAMP/htdocs/revolve/wp-content/themes/twentyfifteen/js/skip-link-focus-fix.js
2017-08-10 20:45:00: End backup file: /Applications/MAMP/htdocs/revolve/wp-content/themes/twentyfifteen/js/skip-link-focus-fix.js
2017-08-10 20:45:00: Start backup file: /Applications/MAMP/htdocs/revolve/wp-content/themes/twentyfifteen/page.php
2017-08-10 20:45:00: End backup file: /Applications/MAMP/htdocs/revolve/wp-content/themes/twentyfifteen/page.php
2017-08-10 20:45:00: Start backup file: /Applications/MAMP/htdocs/revolve/wp-content/themes/twentyfifteen/readme.txt
2017-08-10 20:45:00: End backup file: /Applications/MAMP/htdocs/revolve/wp-content/themes/twentyfifteen/readme.txt
2017-08-10 20:45:00: Start backup file: /Applications/MAMP/htdocs/revolve/wp-content/themes/twentyfifteen/rtl.css
2017-08-10 20:45:00: End backup file: /Applications/MAMP/htdocs/revolve/wp-content/themes/twentyfifteen/rtl.css
2017-08-10 20:45:00: Start backup file: /Applications/MAMP/htdocs/revolve/wp-content/themes/twentyfifteen/screenshot.png
2017-08-10 20:45:00: End backup file: /Applications/MAMP/htdocs/revolve/wp-content/themes/twentyfifteen/screenshot.png
2017-08-10 20:45:00: Start backup file: /Applications/MAMP/htdocs/revolve/wp-content/themes/twentyfifteen/search.php
2017-08-10 20:45:00: End backup file: /Applications/MAMP/htdocs/revolve/wp-content/themes/twentyfifteen/search.php
2017-08-10 20:45:00: Start backup file: /Applications/MAMP/htdocs/revolve/wp-content/themes/twentyfifteen/sidebar.php
2017-08-10 20:45:00: End backup file: /Applications/MAMP/htdocs/revolve/wp-content/themes/twentyfifteen/sidebar.php
2017-08-10 20:45:00: Start backup file: /Applications/MAMP/htdocs/revolve/wp-content/themes/twentyfifteen/single.php
2017-08-10 20:45:00: End backup file: /Applications/MAMP/htdocs/revolve/wp-content/themes/twentyfifteen/single.php
2017-08-10 20:45:00: Start backup file: /Applications/MAMP/htdocs/revolve/wp-content/themes/twentyfifteen/style.css
2017-08-10 20:45:00: End backup file: /Applications/MAMP/htdocs/revolve/wp-content/themes/twentyfifteen/style.css
2017-08-10 20:45:00: Start backup file: /Applications/MAMP/htdocs/revolve/wp-content/themes/twentyseventeen/404.php
2017-08-10 20:45:00: End backup file: /Applications/MAMP/htdocs/revolve/wp-content/themes/twentyseventeen/404.php
2017-08-10 20:45:00: Start backup file: /Applications/MAMP/htdocs/revolve/wp-content/themes/twentyseventeen/archive.php
2017-08-10 20:45:00: End backup file: /Applications/MAMP/htdocs/revolve/wp-content/themes/twentyseventeen/archive.php
2017-08-10 20:45:00: Start backup file: /Applications/MAMP/htdocs/revolve/wp-content/themes/twentyseventeen/assets/css/colors-dark.css
2017-08-10 20:45:00: End backup file: /Applications/MAMP/htdocs/revolve/wp-content/themes/twentyseventeen/assets/css/colors-dark.css
2017-08-10 20:45:00: Start backup file: /Applications/MAMP/htdocs/revolve/wp-content/themes/twentyseventeen/assets/css/editor-style.css
2017-08-10 20:45:00: End backup file: /Applications/MAMP/htdocs/revolve/wp-content/themes/twentyseventeen/assets/css/editor-style.css
2017-08-10 20:45:00: Start backup file: /Applications/MAMP/htdocs/revolve/wp-content/themes/twentyseventeen/assets/css/ie8.css
2017-08-10 20:45:00: End backup file: /Applications/MAMP/htdocs/revolve/wp-content/themes/twentyseventeen/assets/css/ie8.css
2017-08-10 20:45:00: Start backup file: /Applications/MAMP/htdocs/revolve/wp-content/themes/twentyseventeen/assets/css/ie9.css
2017-08-10 20:45:00: End backup file: /Applications/MAMP/htdocs/revolve/wp-content/themes/twentyseventeen/assets/css/ie9.css
2017-08-10 20:45:00: Start backup file: /Applications/MAMP/htdocs/revolve/wp-content/themes/twentyseventeen/assets/images/coffee.jpg
2017-08-10 20:45:00: End backup file: /Applications/MAMP/htdocs/revolve/wp-content/themes/twentyseventeen/assets/images/coffee.jpg
2017-08-10 20:45:00: Start backup file: /Applications/MAMP/htdocs/revolve/wp-content/themes/twentyseventeen/assets/images/espresso.jpg
2017-08-10 20:45:00: End backup file: /Applications/MAMP/htdocs/revolve/wp-content/themes/twentyseventeen/assets/images/espresso.jpg
2017-08-10 20:45:00: Start backup file: /Applications/MAMP/htdocs/revolve/wp-content/themes/twentyseventeen/assets/images/header.jpg
2017-08-10 20:45:00: End backup file: /Applications/MAMP/htdocs/revolve/wp-content/themes/twentyseventeen/assets/images/header.jpg
2017-08-10 20:45:00: Start backup file: /Applications/MAMP/htdocs/revolve/wp-content/themes/twentyseventeen/assets/images/sandwich.jpg
2017-08-10 20:45:00: End backup file: /Applications/MAMP/htdocs/revolve/wp-content/themes/twentyseventeen/assets/images/sandwich.jpg
2017-08-10 20:45:00: Start backup file: /Applications/MAMP/htdocs/revolve/wp-content/themes/twentyseventeen/assets/images/svg-icons.svg
2017-08-10 20:45:00: End backup file: /Applications/MAMP/htdocs/revolve/wp-content/themes/twentyseventeen/assets/images/svg-icons.svg
2017-08-10 20:45:00: Start backup file: /Applications/MAMP/htdocs/revolve/wp-content/themes/twentyseventeen/assets/js/customize-controls.js
2017-08-10 20:45:00: End backup file: /Applications/MAMP/htdocs/revolve/wp-content/themes/twentyseventeen/assets/js/customize-controls.js
2017-08-10 20:45:00: Start backup file: /Applications/MAMP/htdocs/revolve/wp-content/themes/twentyseventeen/assets/js/customize-preview.js
2017-08-10 20:45:00: End backup file: /Applications/MAMP/htdocs/revolve/wp-content/themes/twentyseventeen/assets/js/customize-preview.js
2017-08-10 20:45:00: Start backup file: /Applications/MAMP/htdocs/revolve/wp-content/themes/twentyseventeen/assets/js/global.js
2017-08-10 20:45:00: End backup file: /Applications/MAMP/htdocs/revolve/wp-content/themes/twentyseventeen/assets/js/global.js
2017-08-10 20:45:00: Start backup file: /Applications/MAMP/htdocs/revolve/wp-content/themes/twentyseventeen/assets/js/html5.js
2017-08-10 20:45:00: End backup file: /Applications/MAMP/htdocs/revolve/wp-content/themes/twentyseventeen/assets/js/html5.js
2017-08-10 20:45:00: Start backup file: /Applications/MAMP/htdocs/revolve/wp-content/themes/twentyseventeen/assets/js/jquery.scrollTo.js
2017-08-10 20:45:00: End backup file: /Applications/MAMP/htdocs/revolve/wp-content/themes/twentyseventeen/assets/js/jquery.scrollTo.js
2017-08-10 20:45:00: Start backup file: /Applications/MAMP/htdocs/revolve/wp-content/themes/twentyseventeen/assets/js/navigation.js
2017-08-10 20:45:00: End backup file: /Applications/MAMP/htdocs/revolve/wp-content/themes/twentyseventeen/assets/js/navigation.js
2017-08-10 20:45:00: Start backup file: /Applications/MAMP/htdocs/revolve/wp-content/themes/twentyseventeen/assets/js/skip-link-focus-fix.js
2017-08-10 20:45:00: End backup file: /Applications/MAMP/htdocs/revolve/wp-content/themes/twentyseventeen/assets/js/skip-link-focus-fix.js
2017-08-10 20:45:00: Start backup file: /Applications/MAMP/htdocs/revolve/wp-content/themes/twentyseventeen/comments.php
2017-08-10 20:45:00: End backup file: /Applications/MAMP/htdocs/revolve/wp-content/themes/twentyseventeen/comments.php
2017-08-10 20:45:00: Start backup file: /Applications/MAMP/htdocs/revolve/wp-content/themes/twentyseventeen/footer.php
2017-08-10 20:45:00: End backup file: /Applications/MAMP/htdocs/revolve/wp-content/themes/twentyseventeen/footer.php
2017-08-10 20:45:00: Start backup file: /Applications/MAMP/htdocs/revolve/wp-content/themes/twentyseventeen/front-page.php
2017-08-10 20:45:00: End backup file: /Applications/MAMP/htdocs/revolve/wp-content/themes/twentyseventeen/front-page.php
2017-08-10 20:45:00: Start backup file: /Applications/MAMP/htdocs/revolve/wp-content/themes/twentyseventeen/functions.php
2017-08-10 20:45:00: End backup file: /Applications/MAMP/htdocs/revolve/wp-content/themes/twentyseventeen/functions.php
2017-08-10 20:45:00: Start backup file: /Applications/MAMP/htdocs/revolve/wp-content/themes/twentyseventeen/header.php
2017-08-10 20:45:00: End backup file: /Applications/MAMP/htdocs/revolve/wp-content/themes/twentyseventeen/header.php
2017-08-10 20:45:00: Start backup file: /Applications/MAMP/htdocs/revolve/wp-content/themes/twentyseventeen/inc/back-compat.php
2017-08-10 20:45:00: End backup file: /Applications/MAMP/htdocs/revolve/wp-content/themes/twentyseventeen/inc/back-compat.php
2017-08-10 20:45:00: Start backup file: /Applications/MAMP/htdocs/revolve/wp-content/themes/twentyseventeen/inc/color-patterns.php
2017-08-10 20:45:00: End backup file: /Applications/MAMP/htdocs/revolve/wp-content/themes/twentyseventeen/inc/color-patterns.php
2017-08-10 20:45:00: Start backup file: /Applications/MAMP/htdocs/revolve/wp-content/themes/twentyseventeen/inc/custom-header.php
2017-08-10 20:45:00: End backup file: /Applications/MAMP/htdocs/revolve/wp-content/themes/twentyseventeen/inc/custom-header.php
2017-08-10 20:45:00: Start backup file: /Applications/MAMP/htdocs/revolve/wp-content/themes/twentyseventeen/inc/customizer.php
2017-08-10 20:45:00: End backup file: /Applications/MAMP/htdocs/revolve/wp-content/themes/twentyseventeen/inc/customizer.php
2017-08-10 20:45:00: Start backup file: /Applications/MAMP/htdocs/revolve/wp-content/themes/twentyseventeen/inc/icon-functions.php
2017-08-10 20:45:00: End backup file: /Applications/MAMP/htdocs/revolve/wp-content/themes/twentyseventeen/inc/icon-functions.php
2017-08-10 20:45:00: Start backup file: /Applications/MAMP/htdocs/revolve/wp-content/themes/twentyseventeen/inc/template-functions.php
2017-08-10 20:45:00: End backup file: /Applications/MAMP/htdocs/revolve/wp-content/themes/twentyseventeen/inc/template-functions.php
2017-08-10 20:45:00: Start backup file: /Applications/MAMP/htdocs/revolve/wp-content/themes/twentyseventeen/inc/template-tags.php
2017-08-10 20:45:00: End backup file: /Applications/MAMP/htdocs/revolve/wp-content/themes/twentyseventeen/inc/template-tags.php
2017-08-10 20:45:00: Start backup file: /Applications/MAMP/htdocs/revolve/wp-content/themes/twentyseventeen/index.php
2017-08-10 20:45:00: End backup file: /Applications/MAMP/htdocs/revolve/wp-content/themes/twentyseventeen/index.php
2017-08-10 20:45:00: Start backup file: /Applications/MAMP/htdocs/revolve/wp-content/themes/twentyseventeen/page.php
2017-08-10 20:45:00: End backup file: /Applications/MAMP/htdocs/revolve/wp-content/themes/twentyseventeen/page.php
2017-08-10 20:45:00: Start backup file: /Applications/MAMP/htdocs/revolve/wp-content/themes/twentyseventeen/README.txt
2017-08-10 20:45:00: End backup file: /Applications/MAMP/htdocs/revolve/wp-content/themes/twentyseventeen/README.txt
2017-08-10 20:45:00: Start backup file: /Applications/MAMP/htdocs/revolve/wp-content/themes/twentyseventeen/rtl.css
2017-08-10 20:45:00: End backup file: /Applications/MAMP/htdocs/revolve/wp-content/themes/twentyseventeen/rtl.css
2017-08-10 20:45:00: Start backup file: /Applications/MAMP/htdocs/revolve/wp-content/themes/twentyseventeen/screenshot.png
2017-08-10 20:45:00: End backup file: /Applications/MAMP/htdocs/revolve/wp-content/themes/twentyseventeen/screenshot.png
2017-08-10 20:45:00: Start backup file: /Applications/MAMP/htdocs/revolve/wp-content/themes/twentyseventeen/search.php
2017-08-10 20:45:00: End backup file: /Applications/MAMP/htdocs/revolve/wp-content/themes/twentyseventeen/search.php
2017-08-10 20:45:00: Start backup file: /Applications/MAMP/htdocs/revolve/wp-content/themes/twentyseventeen/searchform.php
2017-08-10 20:45:00: End backup file: /Applications/MAMP/htdocs/revolve/wp-content/themes/twentyseventeen/searchform.php
2017-08-10 20:45:00: Start backup file: /Applications/MAMP/htdocs/revolve/wp-content/themes/twentyseventeen/sidebar.php
2017-08-10 20:45:00: End backup file: /Applications/MAMP/htdocs/revolve/wp-content/themes/twentyseventeen/sidebar.php
2017-08-10 20:45:00: Start backup file: /Applications/MAMP/htdocs/revolve/wp-content/themes/twentyseventeen/single.php
2017-08-10 20:45:00: End backup file: /Applications/MAMP/htdocs/revolve/wp-content/themes/twentyseventeen/single.php
2017-08-10 20:45:00: Start backup file: /Applications/MAMP/htdocs/revolve/wp-content/themes/twentyseventeen/style.css
2017-08-10 20:45:00: End backup file: /Applications/MAMP/htdocs/revolve/wp-content/themes/twentyseventeen/style.css
2017-08-10 20:45:00: Start backup file: /Applications/MAMP/htdocs/revolve/wp-content/themes/twentyseventeen/template-parts/footer/footer-widgets.php
2017-08-10 20:45:00: End backup file: /Applications/MAMP/htdocs/revolve/wp-content/themes/twentyseventeen/template-parts/footer/footer-widgets.php
2017-08-10 20:45:00: Start backup file: /Applications/MAMP/htdocs/revolve/wp-content/themes/twentyseventeen/template-parts/footer/site-info.php
2017-08-10 20:45:00: End backup file: /Applications/MAMP/htdocs/revolve/wp-content/themes/twentyseventeen/template-parts/footer/site-info.php
2017-08-10 20:45:00: Start backup file: /Applications/MAMP/htdocs/revolve/wp-content/themes/twentyseventeen/template-parts/header/header-image.php
2017-08-10 20:45:00: End backup file: /Applications/MAMP/htdocs/revolve/wp-content/themes/twentyseventeen/template-parts/header/header-image.php
2017-08-10 20:45:00: Start backup file: /Applications/MAMP/htdocs/revolve/wp-content/themes/twentyseventeen/template-parts/header/site-branding.php
2017-08-10 20:45:00: End backup file: /Applications/MAMP/htdocs/revolve/wp-content/themes/twentyseventeen/template-parts/header/site-branding.php
2017-08-10 20:45:00: Start backup file: /Applications/MAMP/htdocs/revolve/wp-content/themes/twentyseventeen/template-parts/navigation/navigation-top.php
2017-08-10 20:45:00: End backup file: /Applications/MAMP/htdocs/revolve/wp-content/themes/twentyseventeen/template-parts/navigation/navigation-top.php
2017-08-10 20:45:00: Start backup file: /Applications/MAMP/htdocs/revolve/wp-content/themes/twentyseventeen/template-parts/page/content-front-page-panels.php
2017-08-10 20:45:00: End backup file: /Applications/MAMP/htdocs/revolve/wp-content/themes/twentyseventeen/template-parts/page/content-front-page-panels.php
2017-08-10 20:45:00: Start backup file: /Applications/MAMP/htdocs/revolve/wp-content/themes/twentyseventeen/template-parts/page/content-front-page.php
2017-08-10 20:45:00: End backup file: /Applications/MAMP/htdocs/revolve/wp-content/themes/twentyseventeen/template-parts/page/content-front-page.php
2017-08-10 20:45:00: Start backup file: /Applications/MAMP/htdocs/revolve/wp-content/themes/twentyseventeen/template-parts/page/content-page.php
2017-08-10 20:45:00: End backup file: /Applications/MAMP/htdocs/revolve/wp-content/themes/twentyseventeen/template-parts/page/content-page.php
2017-08-10 20:45:00: Start backup file: /Applications/MAMP/htdocs/revolve/wp-content/themes/twentyseventeen/template-parts/post/content-audio.php
2017-08-10 20:45:00: End backup file: /Applications/MAMP/htdocs/revolve/wp-content/themes/twentyseventeen/template-parts/post/content-audio.php
2017-08-10 20:45:00: Start backup file: /Applications/MAMP/htdocs/revolve/wp-content/themes/twentyseventeen/template-parts/post/content-excerpt.php
2017-08-10 20:45:00: End backup file: /Applications/MAMP/htdocs/revolve/wp-content/themes/twentyseventeen/template-parts/post/content-excerpt.php
2017-08-10 20:45:00: Start backup file: /Applications/MAMP/htdocs/revolve/wp-content/themes/twentyseventeen/template-parts/post/content-gallery.php
2017-08-10 20:45:00: End backup file: /Applications/MAMP/htdocs/revolve/wp-content/themes/twentyseventeen/template-parts/post/content-gallery.php
2017-08-10 20:45:00: Start backup file: /Applications/MAMP/htdocs/revolve/wp-content/themes/twentyseventeen/template-parts/post/content-image.php
2017-08-10 20:45:00: End backup file: /Applications/MAMP/htdocs/revolve/wp-content/themes/twentyseventeen/template-parts/post/content-image.php
2017-08-10 20:45:00: Start backup file: /Applications/MAMP/htdocs/revolve/wp-content/themes/twentyseventeen/template-parts/post/content-none.php
2017-08-10 20:45:00: End backup file: /Applications/MAMP/htdocs/revolve/wp-content/themes/twentyseventeen/template-parts/post/content-none.php
2017-08-10 20:45:00: Start backup file: /Applications/MAMP/htdocs/revolve/wp-content/themes/twentyseventeen/template-parts/post/content-video.php
2017-08-10 20:45:00: End backup file: /Applications/MAMP/htdocs/revolve/wp-content/themes/twentyseventeen/template-parts/post/content-video.php
2017-08-10 20:45:00: Start backup file: /Applications/MAMP/htdocs/revolve/wp-content/themes/twentyseventeen/template-parts/post/content.php
2017-08-10 20:45:00: End backup file: /Applications/MAMP/htdocs/revolve/wp-content/themes/twentyseventeen/template-parts/post/content.php
2017-08-10 20:45:00: Start backup file: /Applications/MAMP/htdocs/revolve/wp-content/themes/twentysixteen/404.php
2017-08-10 20:45:00: End backup file: /Applications/MAMP/htdocs/revolve/wp-content/themes/twentysixteen/404.php
2017-08-10 20:45:00: Start backup file: /Applications/MAMP/htdocs/revolve/wp-content/themes/twentysixteen/archive.php
2017-08-10 20:45:00: End backup file: /Applications/MAMP/htdocs/revolve/wp-content/themes/twentysixteen/archive.php
2017-08-10 20:45:00: Start backup file: /Applications/MAMP/htdocs/revolve/wp-content/themes/twentysixteen/comments.php
2017-08-10 20:45:00: End backup file: /Applications/MAMP/htdocs/revolve/wp-content/themes/twentysixteen/comments.php
2017-08-10 20:45:00: Start backup file: /Applications/MAMP/htdocs/revolve/wp-content/themes/twentysixteen/css/editor-style.css
2017-08-10 20:45:00: End backup file: /Applications/MAMP/htdocs/revolve/wp-content/themes/twentysixteen/css/editor-style.css
2017-08-10 20:45:00: Start backup file: /Applications/MAMP/htdocs/revolve/wp-content/themes/twentysixteen/css/ie.css
2017-08-10 20:45:00: End backup file: /Applications/MAMP/htdocs/revolve/wp-content/themes/twentysixteen/css/ie.css
2017-08-10 20:45:00: Start backup file: /Applications/MAMP/htdocs/revolve/wp-content/themes/twentysixteen/css/ie7.css
2017-08-10 20:45:00: End backup file: /Applications/MAMP/htdocs/revolve/wp-content/themes/twentysixteen/css/ie7.css
2017-08-10 20:45:00: Start backup file: /Applications/MAMP/htdocs/revolve/wp-content/themes/twentysixteen/css/ie8.css
2017-08-10 20:45:00: End backup file: /Applications/MAMP/htdocs/revolve/wp-content/themes/twentysixteen/css/ie8.css
2017-08-10 20:45:00: Start backup file: /Applications/MAMP/htdocs/revolve/wp-content/themes/twentysixteen/footer.php
2017-08-10 20:45:00: End backup file: /Applications/MAMP/htdocs/revolve/wp-content/themes/twentysixteen/footer.php
2017-08-10 20:45:00: Start backup file: /Applications/MAMP/htdocs/revolve/wp-content/themes/twentysixteen/functions.php
2017-08-10 20:45:00: End backup file: /Applications/MAMP/htdocs/revolve/wp-content/themes/twentysixteen/functions.php
2017-08-10 20:45:00: Start backup file: /Applications/MAMP/htdocs/revolve/wp-content/themes/twentysixteen/genericons/COPYING.txt
2017-08-10 20:45:00: End backup file: /Applications/MAMP/htdocs/revolve/wp-content/themes/twentysixteen/genericons/COPYING.txt
2017-08-10 20:45:00: Start backup file: /Applications/MAMP/htdocs/revolve/wp-content/themes/twentysixteen/genericons/genericons.css
2017-08-10 20:45:00: End backup file: /Applications/MAMP/htdocs/revolve/wp-content/themes/twentysixteen/genericons/genericons.css
2017-08-10 20:45:00: Start backup file: /Applications/MAMP/htdocs/revolve/wp-content/themes/twentysixteen/genericons/Genericons.eot
2017-08-10 20:45:00: End backup file: /Applications/MAMP/htdocs/revolve/wp-content/themes/twentysixteen/genericons/Genericons.eot
2017-08-10 20:45:00: Start backup file: /Applications/MAMP/htdocs/revolve/wp-content/themes/twentysixteen/genericons/Genericons.svg
2017-08-10 20:45:00: End backup file: /Applications/MAMP/htdocs/revolve/wp-content/themes/twentysixteen/genericons/Genericons.svg
2017-08-10 20:45:00: Start backup file: /Applications/MAMP/htdocs/revolve/wp-content/themes/twentysixteen/genericons/Genericons.ttf
2017-08-10 20:45:00: End backup file: /Applications/MAMP/htdocs/revolve/wp-content/themes/twentysixteen/genericons/Genericons.ttf
2017-08-10 20:45:00: Start backup file: /Applications/MAMP/htdocs/revolve/wp-content/themes/twentysixteen/genericons/Genericons.woff
2017-08-10 20:45:00: End backup file: /Applications/MAMP/htdocs/revolve/wp-content/themes/twentysixteen/genericons/Genericons.woff
2017-08-10 20:45:00: Start backup file: /Applications/MAMP/htdocs/revolve/wp-content/themes/twentysixteen/genericons/LICENSE.txt
2017-08-10 20:45:00: End backup file: /Applications/MAMP/htdocs/revolve/wp-content/themes/twentysixteen/genericons/LICENSE.txt
2017-08-10 20:45:00: Start backup file: /Applications/MAMP/htdocs/revolve/wp-content/themes/twentysixteen/genericons/README.md
2017-08-10 20:45:00: End backup file: /Applications/MAMP/htdocs/revolve/wp-content/themes/twentysixteen/genericons/README.md
2017-08-10 20:45:00: Start backup file: /Applications/MAMP/htdocs/revolve/wp-content/themes/twentysixteen/header.php
2017-08-10 20:45:00: End backup file: /Applications/MAMP/htdocs/revolve/wp-content/themes/twentysixteen/header.php
2017-08-10 20:45:00: Start backup file: /Applications/MAMP/htdocs/revolve/wp-content/themes/twentysixteen/image.php
2017-08-10 20:45:00: End backup file: /Applications/MAMP/htdocs/revolve/wp-content/themes/twentysixteen/image.php
2017-08-10 20:45:00: Start backup file: /Applications/MAMP/htdocs/revolve/wp-content/themes/twentysixteen/inc/back-compat.php
2017-08-10 20:45:00: End backup file: /Applications/MAMP/htdocs/revolve/wp-content/themes/twentysixteen/inc/back-compat.php
2017-08-10 20:45:00: Start backup file: /Applications/MAMP/htdocs/revolve/wp-content/themes/twentysixteen/inc/customizer.php
2017-08-10 20:45:00: End backup file: /Applications/MAMP/htdocs/revolve/wp-content/themes/twentysixteen/inc/customizer.php
2017-08-10 20:45:00: Start backup file: /Applications/MAMP/htdocs/revolve/wp-content/themes/twentysixteen/inc/template-tags.php
2017-08-10 20:45:00: End backup file: /Applications/MAMP/htdocs/revolve/wp-content/themes/twentysixteen/inc/template-tags.php
2017-08-10 20:45:00: Start backup file: /Applications/MAMP/htdocs/revolve/wp-content/themes/twentysixteen/index.php
2017-08-10 20:45:00: End backup file: /Applications/MAMP/htdocs/revolve/wp-content/themes/twentysixteen/index.php
2017-08-10 20:45:00: Start backup file: /Applications/MAMP/htdocs/revolve/wp-content/themes/twentysixteen/js/color-scheme-control.js
2017-08-10 20:45:00: End backup file: /Applications/MAMP/htdocs/revolve/wp-content/themes/twentysixteen/js/color-scheme-control.js
2017-08-10 20:45:00: Start backup file: /Applications/MAMP/htdocs/revolve/wp-content/themes/twentysixteen/js/customize-preview.js
2017-08-10 20:45:00: End backup file: /Applications/MAMP/htdocs/revolve/wp-content/themes/twentysixteen/js/customize-preview.js
2017-08-10 20:45:00: Start backup file: /Applications/MAMP/htdocs/revolve/wp-content/themes/twentysixteen/js/functions.js
2017-08-10 20:45:00: End backup file: /Applications/MAMP/htdocs/revolve/wp-content/themes/twentysixteen/js/functions.js
2017-08-10 20:45:00: Start backup file: /Applications/MAMP/htdocs/revolve/wp-content/themes/twentysixteen/js/html5.js
2017-08-10 20:45:00: End backup file: /Applications/MAMP/htdocs/revolve/wp-content/themes/twentysixteen/js/html5.js
2017-08-10 20:45:00: Start backup file: /Applications/MAMP/htdocs/revolve/wp-content/themes/twentysixteen/js/keyboard-image-navigation.js
2017-08-10 20:45:00: End backup file: /Applications/MAMP/htdocs/revolve/wp-content/themes/twentysixteen/js/keyboard-image-navigation.js
2017-08-10 20:45:00: Start backup file: /Applications/MAMP/htdocs/revolve/wp-content/themes/twentysixteen/js/skip-link-focus-fix.js
2017-08-10 20:45:00: End backup file: /Applications/MAMP/htdocs/revolve/wp-content/themes/twentysixteen/js/skip-link-focus-fix.js
2017-08-10 20:45:00: Start backup file: /Applications/MAMP/htdocs/revolve/wp-content/themes/twentysixteen/page.php
2017-08-10 20:45:00: End backup file: /Applications/MAMP/htdocs/revolve/wp-content/themes/twentysixteen/page.php
2017-08-10 20:45:00: Start backup file: /Applications/MAMP/htdocs/revolve/wp-content/themes/twentysixteen/readme.txt
2017-08-10 20:45:00: End backup file: /Applications/MAMP/htdocs/revolve/wp-content/themes/twentysixteen/readme.txt
2017-08-10 20:45:00: Start backup file: /Applications/MAMP/htdocs/revolve/wp-content/themes/twentysixteen/rtl.css
2017-08-10 20:45:00: End backup file: /Applications/MAMP/htdocs/revolve/wp-content/themes/twentysixteen/rtl.css
2017-08-10 20:45:00: Start backup file: /Applications/MAMP/htdocs/revolve/wp-content/themes/twentysixteen/screenshot.png
2017-08-10 20:45:00: End backup file: /Applications/MAMP/htdocs/revolve/wp-content/themes/twentysixteen/screenshot.png
2017-08-10 20:45:00: Start backup file: /Applications/MAMP/htdocs/revolve/wp-content/themes/twentysixteen/search.php
2017-08-10 20:45:00: End backup file: /Applications/MAMP/htdocs/revolve/wp-content/themes/twentysixteen/search.php
2017-08-10 20:45:00: Start backup file: /Applications/MAMP/htdocs/revolve/wp-content/themes/twentysixteen/searchform.php
2017-08-10 20:45:00: End backup file: /Applications/MAMP/htdocs/revolve/wp-content/themes/twentysixteen/searchform.php
2017-08-10 20:45:00: Start backup file: /Applications/MAMP/htdocs/revolve/wp-content/themes/twentysixteen/sidebar-content-bottom.php
2017-08-10 20:45:00: End backup file: /Applications/MAMP/htdocs/revolve/wp-content/themes/twentysixteen/sidebar-content-bottom.php
2017-08-10 20:45:00: Start backup file: /Applications/MAMP/htdocs/revolve/wp-content/themes/twentysixteen/sidebar.php
2017-08-10 20:45:00: End backup file: /Applications/MAMP/htdocs/revolve/wp-content/themes/twentysixteen/sidebar.php
2017-08-10 20:45:00: Start backup file: /Applications/MAMP/htdocs/revolve/wp-content/themes/twentysixteen/single.php
2017-08-10 20:45:00: End backup file: /Applications/MAMP/htdocs/revolve/wp-content/themes/twentysixteen/single.php
2017-08-10 20:45:00: Start backup file: /Applications/MAMP/htdocs/revolve/wp-content/themes/twentysixteen/style.css
2017-08-10 20:45:00: End backup file: /Applications/MAMP/htdocs/revolve/wp-content/themes/twentysixteen/style.css
2017-08-10 20:45:00: Start backup file: /Applications/MAMP/htdocs/revolve/wp-content/themes/twentysixteen/template-parts/biography.php
2017-08-10 20:45:00: End backup file: /Applications/MAMP/htdocs/revolve/wp-content/themes/twentysixteen/template-parts/biography.php
2017-08-10 20:45:00: Start backup file: /Applications/MAMP/htdocs/revolve/wp-content/themes/twentysixteen/template-parts/content-none.php
2017-08-10 20:45:00: End backup file: /Applications/MAMP/htdocs/revolve/wp-content/themes/twentysixteen/template-parts/content-none.php
2017-08-10 20:45:00: Start backup file: /Applications/MAMP/htdocs/revolve/wp-content/themes/twentysixteen/template-parts/content-page.php
2017-08-10 20:45:00: End backup file: /Applications/MAMP/htdocs/revolve/wp-content/themes/twentysixteen/template-parts/content-page.php
2017-08-10 20:45:00: Start backup file: /Applications/MAMP/htdocs/revolve/wp-content/themes/twentysixteen/template-parts/content-search.php
2017-08-10 20:45:00: End backup file: /Applications/MAMP/htdocs/revolve/wp-content/themes/twentysixteen/template-parts/content-search.php
2017-08-10 20:45:00: Start backup file: /Applications/MAMP/htdocs/revolve/wp-content/themes/twentysixteen/template-parts/content-single.php
2017-08-10 20:45:00: End backup file: /Applications/MAMP/htdocs/revolve/wp-content/themes/twentysixteen/template-parts/content-single.php
2017-08-10 20:45:00: Start backup file: /Applications/MAMP/htdocs/revolve/wp-content/themes/twentysixteen/template-parts/content.php
2017-08-10 20:45:00: End backup file: /Applications/MAMP/htdocs/revolve/wp-content/themes/twentysixteen/template-parts/content.php
2017-08-10 20:45:00: Start backup file: /Applications/MAMP/htdocs/revolve/wp-content/uploads/2017/08/group1-1024x551.png
2017-08-10 20:45:00: End backup file: /Applications/MAMP/htdocs/revolve/wp-content/uploads/2017/08/group1-1024x551.png
2017-08-10 20:45:00: Start backup file: /Applications/MAMP/htdocs/revolve/wp-content/uploads/2017/08/group1-150x150.png
2017-08-10 20:45:00: End backup file: /Applications/MAMP/htdocs/revolve/wp-content/uploads/2017/08/group1-150x150.png
2017-08-10 20:45:00: Start backup file: /Applications/MAMP/htdocs/revolve/wp-content/uploads/2017/08/group1-300x161.png
2017-08-10 20:45:00: End backup file: /Applications/MAMP/htdocs/revolve/wp-content/uploads/2017/08/group1-300x161.png
2017-08-10 20:45:00: Start backup file: /Applications/MAMP/htdocs/revolve/wp-content/uploads/2017/08/group1-768x413.png
2017-08-10 20:45:00: End backup file: /Applications/MAMP/htdocs/revolve/wp-content/uploads/2017/08/group1-768x413.png
2017-08-10 20:45:00: Start backup file: /Applications/MAMP/htdocs/revolve/wp-content/uploads/2017/08/group1.png
2017-08-10 20:45:00: End backup file: /Applications/MAMP/htdocs/revolve/wp-content/uploads/2017/08/group1.png
2017-08-10 20:45:00: Start backup file: /Applications/MAMP/htdocs/revolve/wp-content/uploads/2017/08/group2-1024x551.png
2017-08-10 20:45:00: End backup file: /Applications/MAMP/htdocs/revolve/wp-content/uploads/2017/08/group2-1024x551.png
2017-08-10 20:45:00: Start backup file: /Applications/MAMP/htdocs/revolve/wp-content/uploads/2017/08/group2-150x150.png
2017-08-10 20:45:00: End backup file: /Applications/MAMP/htdocs/revolve/wp-content/uploads/2017/08/group2-150x150.png
2017-08-10 20:45:00: Start backup file: /Applications/MAMP/htdocs/revolve/wp-content/uploads/2017/08/group2-300x161.png
2017-08-10 20:45:00: End backup file: /Applications/MAMP/htdocs/revolve/wp-content/uploads/2017/08/group2-300x161.png
2017-08-10 20:45:00: Start backup file: /Applications/MAMP/htdocs/revolve/wp-content/uploads/2017/08/group2-768x413.png
2017-08-10 20:45:00: End backup file: /Applications/MAMP/htdocs/revolve/wp-content/uploads/2017/08/group2-768x413.png
2017-08-10 20:45:00: Start backup file: /Applications/MAMP/htdocs/revolve/wp-content/uploads/2017/08/group2.png
2017-08-10 20:45:00: End backup file: /Applications/MAMP/htdocs/revolve/wp-content/uploads/2017/08/group2.png
2017-08-10 20:45:00: Start backup file: /Applications/MAMP/htdocs/revolve/wp-content/uploads/2017/08/group3-1024x551.png
2017-08-10 20:45:00: End backup file: /Applications/MAMP/htdocs/revolve/wp-content/uploads/2017/08/group3-1024x551.png
2017-08-10 20:45:00: Start backup file: /Applications/MAMP/htdocs/revolve/wp-content/uploads/2017/08/group3-150x150.png
2017-08-10 20:45:00: End backup file: /Applications/MAMP/htdocs/revolve/wp-content/uploads/2017/08/group3-150x150.png
2017-08-10 20:45:00: Start backup file: /Applications/MAMP/htdocs/revolve/wp-content/uploads/2017/08/group3-300x161.png
2017-08-10 20:45:00: End backup file: /Applications/MAMP/htdocs/revolve/wp-content/uploads/2017/08/group3-300x161.png
2017-08-10 20:45:00: Start backup file: /Applications/MAMP/htdocs/revolve/wp-content/uploads/2017/08/group3-768x413.png
2017-08-10 20:45:00: End backup file: /Applications/MAMP/htdocs/revolve/wp-content/uploads/2017/08/group3-768x413.png
2017-08-10 20:45:00: Start backup file: /Applications/MAMP/htdocs/revolve/wp-content/uploads/2017/08/group3.png
2017-08-10 20:45:00: End backup file: /Applications/MAMP/htdocs/revolve/wp-content/uploads/2017/08/group3.png
2017-08-10 20:45:00: Start backup file: /Applications/MAMP/htdocs/revolve/wp-content/uploads/2017/08/Mark.png
2017-08-10 20:45:00: End backup file: /Applications/MAMP/htdocs/revolve/wp-content/uploads/2017/08/Mark.png
2017-08-10 20:45:00: Start backup file: /Applications/MAMP/htdocs/revolve/wp-content/uploads/backup-guard/sg_backup_opt(full)_20170810204528/sg_backup_opt(full)_20170810204528.sql
2017-08-10 20:45:00: End backup file: /Applications/MAMP/htdocs/revolve/wp-content/uploads/backup-guard/sg_backup_opt(full)_20170810204528/sg_backup_opt(full)_20170810204528.sql
2017-08-10 20:45:00: End backup files
2017-08-10 20:45:00: End backup
2017-08-10 20:45:00: Total duration: 9.00 seconds
2017-08-10 20:45:00: Archive size: 7.7MB (7688470 bytes)
